<?xml version="1.0" encoding="UTF-8"?>
<!-- Generated by org.testng.reporters.JUnitReportReporter -->
<testsuite hostname="Bharathi" failures="0" tests="2" name="com.TestNGProject.Runner_page" time="85.301" errors="0" timestamp="2023-07-15T22:26:58 IST" skipped="0">
  <testcase classname="com.TestNGProject.Runner_page" name="page_Login" time="15.217"/>
  <testcase classname="com.TestNGProject.Runner_page" name="page_Launch" time="70.084"/>
</testsuite> <!-- com.TestNGProject.Runner_page -->
