<?xml version="1.0" encoding="UTF-8"?>
<!-- Generated by org.testng.reporters.JUnitReportReporter -->
<testsuite hostname="Bharathi" failures="0" tests="2" name="com.TestNGProject.TestRun" time="10.307" errors="0" timestamp="2023-07-01T21:57:42 IST" skipped="0">
  <testcase classname="com.TestNGProject.TestRun" name="getTheData" time="6.451"/>
  <testcase classname="com.TestNGProject.TestRun" name="getData" time="3.856"/>
</testsuite> <!-- com.TestNGProject.TestRun -->
