<?xml version="1.0" encoding="UTF-8"?>
<!-- Generated by org.testng.reporters.JUnitReportReporter -->
<testsuite hostname="Bharathi" failures="0" tests="2" name="com.TestNGProject.Runner_page" time="14.947" errors="0" timestamp="2023-07-15T17:36:38 IST" skipped="0">
  <testcase classname="com.TestNGProject.Runner_page" name="page_Login" time="8.162"/>
  <testcase classname="com.TestNGProject.Runner_page" name="page_Launch" time="6.785"/>
</testsuite> <!-- com.TestNGProject.Runner_page -->
