<?xml version="1.0" encoding="UTF-8"?>
<!-- Generated by org.testng.reporters.JUnitReportReporter -->
<testsuite hostname="Bharathi" failures="0" tests="2" name="com.TestNGProject.Runner" time="0.497" errors="0" timestamp="2023-07-01T05:45:40 IST" skipped="0">
  <testcase classname="com.TestNGProject.Runner" name="InitialData" time="0.277"/>
  <testcase classname="com.TestNGProject.Runner" name="secondData" time="0.220"/>
</testsuite> <!-- com.TestNGProject.Runner -->
