<?xml version="1.0" encoding="UTF-8"?>
<!-- Generated by org.testng.reporters.JUnitReportReporter -->
<testsuite hostname="Bharathi" failures="0" tests="2" name="com.TestNGProject.OrangeHrm" time="12.096" errors="0" timestamp="2023-07-02T20:55:12 IST" skipped="0">
  <testcase classname="com.TestNGProject.OrangeHrm" name="browserlaunch" time="9.405"/>
  <testcase classname="com.TestNGProject.OrangeHrm" name="pageLogin" time="2.691"/>
</testsuite> <!-- com.TestNGProject.OrangeHrm -->
